
SQL*Loader: Release 11.1.0.7.0 - Production on Tue Nov 26 01:13:37 2013

Copyright (c) 1982, 2007, Oracle.  All rights reserved.

Control File:   Advertisers.ctl
Data File:      Advertisers.dat
  Bad File:     Advertisers.bad
  Discard File:  none specified
 
 (Allow all discards)

Number to load: ALL
Number to skip: 0
Errors allowed: 50
Bind array:     64 rows, maximum of 256000 bytes
Continuation:    none specified
Path used:      Conventional

Table ADVERTISERS, loaded from every logical record.
Insert option in effect for this table: REPLACE
TRAILING NULLCOLS option in effect

   Column Name                  Position   Len  Term Encl Datatype
------------------------------ ---------- ----- ---- ---- ---------------------
ADVERTISERID                        FIRST     *  WHT      CHARACTER            
BUDGET                               NEXT     *  WHT      CHARACTER            
CTC                                  NEXT     *  WHT      CHARACTER            


Table ADVERTISERS:
  1363 Rows successfully loaded.
  0 Rows not loaded due to data errors.
  0 Rows not loaded because all WHEN clauses were failed.
  0 Rows not loaded because all fields were null.


Space allocated for bind array:                  49536 bytes(64 rows)
Read   buffer bytes: 1048576

Total logical records skipped:          0
Total logical records read:          1363
Total logical records rejected:         0
Total logical records discarded:        0

Run began on Tue Nov 26 01:13:37 2013
Run ended on Tue Nov 26 01:13:45 2013

Elapsed time was:     00:00:08.16
CPU time was:         00:00:00.04
