#
# A fatal error has been detected by the Java Runtime Environment:
#
#  SIGSEGV (0xb) at pc=0x0000000000000000, pid=11115, tid=140081571198720
#
# JRE version:  (7.0_45-b18) (build )
# Java VM: Java HotSpot(TM) 64-Bit Server VM (24.45-b08 mixed mode linux-amd64 compressed oops)
# Problematic frame:
# C  0x0000000000000000
#
# Failed to write core dump. Core dumps have been disabled. To enable core dumping, try "ulimit -c unlimited" before starting Java again
#
# If you would like to submit a bug report, please visit:
#   http://bugreport.sun.com/bugreport/crash.jsp
#

---------------  T H R E A D  ---------------

Current thread (0x00007f6740007800):  JavaThread "main" [_thread_in_Java, id=11116, stack(0x00007f67483a7000,0x00007f67484a8000)]

siginfo:si_signo=SIGSEGV: si_errno=0, si_code=1 (SEGV_MAPERR), si_addr=0x0000000000000000

Registers:
RAX=0x0000000000000000, RBX=0x00000006ff2145b8, RCX=0x00000007ac100da0, RDX=0x0000000000500001
RSP=0x00007f67484a5bc0, RBP=0x00007f67484a5c10, RSI=0x0000000000000001, RDI=0x00007f6740007800
R8 =0x0000000000000006, R9 =0x0000000000005300, R10=0x00007f6747887c20, R11=0x00007f6746d62cf0
R12=0x0000000000000000, R13=0x00007f67484a5bc8, R14=0x00007f67484a5c18, R15=0x00007f6740007800
RIP=0x0000000000000000, EFLAGS=0x0000000000010246, CSGSFS=0x0000000000000033, ERR=0x0000000000000014
  TRAPNO=0x000000000000000e

Top of Stack: (sp=0x00007f67484a5bc0)
0x00007f67484a5bc0:   00007f673d006350 00000007ac100da0
0x00007f67484a5bd0:   00007f67484a5bd0 00000006ff222d0b
0x00007f67484a5be0:   00007f67484a5c18 00000006ff2a4010
0x00007f67484a5bf0:   0000000000000000 00000006ff222d48
0x00007f67484a5c00:   00007f67484a5bc8 00007f67484a5c20
0x00007f67484a5c10:   00007f67484a5c80 00007f673d0004e7
0x00007f67484a5c20:   0000000000001fa0 00007f67484a5e20
0x00007f67484a5c30:   00007f67484a5d00 00007f67484a5da0
0x00007f67484a5c40:   00007f6740007800 00007f67400088a8
0x00007f67484a5c50:   00007f67484a5cc0 00007f67484a5e28
0x00007f67484a5c60:   00007f670000000a 00000006ff222d48
0x00007f67484a5c70:   00007f673d0102a0 00007f67484a5da8
0x00007f67484a5c80:   00007f67484a5d70 00007f6747042485
0x00007f67484a5c90:   00007f6700000000 00007f6740007800
0x00007f67484a5ca0:   00007f67400087e8 00007f67484a5cc0
0x00007f67484a5cb0:   00007f673d0102a0 000000000000000a
0x00007f67484a5cc0:   00007f6740007800 00007f6740068b90
0x00007f67484a5cd0:   00000006ff222d48 0000000000000000
0x00007f67484a5ce0:   00007f67484a66b0 00007f673d01270c
0x00007f67484a5cf0:   00007f67484a6700 00007f67484a5e20
0x00007f67484a5d00:   00007f6740007800 00007f6740007390
0x00007f67484a5d10:   00007f6740008700 00007f67400088b0
0x00007f67484a5d20:   00007f6740008ae8 00000000000003d8
0x00007f67484a5d30:   00007f67484a5f40 00007f67442b7ed0
0x00007f67484a5d40:   00007f67442b64a0 00000006ff222d48
0x00007f67484a5d50:   00007f6740007800 00007f67484a5ed0
0x00007f67484a5d60:   00000006ff202b68 00007f67484a5e50
0x00007f67484a5d70:   00007f67484a5d90 00007f6747040ee8
0x00007f67484a5d80:   00000006ff222d48 00007f67400088a8
0x00007f67484a5d90:   00007f67484a5e40 00007f6747002eca
0x00007f67484a5da0:   00007f6740007360 00000000000003d8
0x00007f67484a5db0:   00007f67484a6050 00007f67484a5df0 

Instructions: (pc=0x0000000000000000)
0xffffffffffffffe0:   

Register to memory mapping:

RAX=0x0000000000000000 is an unknown value
RBX=0x00000006ff2145b8 is an oop
{method} 
 - klass: {other class}
RCX=0x00000007ac100da0 is an oop
java.lang.Class 
 - klass: 'java/lang/Class'
RDX=0x0000000000500001 is an unknown value
RSP=0x00007f67484a5bc0 is pointing into the stack for thread: 0x00007f6740007800
RBP=0x00007f67484a5c10 is pointing into the stack for thread: 0x00007f6740007800
RSI=0x0000000000000001 is an unknown value
RDI=0x00007f6740007800 is a thread
R8 =0x0000000000000006 is an unknown value
R9 =0x0000000000005300 is an unknown value
R10=0x00007f6747887c20: <offset 0xe3dc20> in /usr/lib/jvm/java-7-oracle/jre/lib/amd64/server/libjvm.so at 0x00007f6746a4a000
R11=0x00007f6746d62cf0: <offset 0x318cf0> in /usr/lib/jvm/java-7-oracle/jre/lib/amd64/server/libjvm.so at 0x00007f6746a4a000
R12=0x0000000000000000 is an unknown value
R13=0x00007f67484a5bc8 is pointing into the stack for thread: 0x00007f6740007800
R14=0x00007f67484a5c18 is pointing into the stack for thread: 0x00007f6740007800
R15=0x00007f6740007800 is a thread


Stack: [0x00007f67483a7000,0x00007f67484a8000],  sp=0x00007f67484a5bc0,  free space=1018k

---------------  P R O C E S S  ---------------

Java Threads: ( => current thread )
  0x00007f6740069800 JavaThread "Reference Handler" daemon [_thread_blocked, id=11122, stack(0x00007f6717e8f000,0x00007f6717f90000)]
=>0x00007f6740007800 JavaThread "main" [_thread_in_Java, id=11116, stack(0x00007f67483a7000,0x00007f67484a8000)]

Other Threads:
  0x00007f6740067000 VMThread [stack: 0x00007f6737eff000,0x00007f6738000000] [id=11121]

VM state:not at safepoint (normal execution)

VM Mutex/Monitor currently owned by a thread: None

Heap
 PSYoungGen      total 3584K, used 61K [0x00000007ac100000, 0x00000007ac500000, 0x0000000800000000)
  eden space 3072K, 2% used [0x00000007ac100000,0x00000007ac10f630,0x00000007ac400000)
  from space 512K, 0% used [0x00000007ac480000,0x00000007ac480000,0x00000007ac500000)
  to   space 512K, 0% used [0x00000007ac400000,0x00000007ac400000,0x00000007ac480000)
 ParOldGen       total 5632K, used 0K [0x0000000704400000, 0x0000000704980000, 0x00000007ac100000)
  object space 5632K, 0% used [0x0000000704400000,0x0000000704400000,0x0000000704980000)
 PSPermGen       total 21504K, used 799K [0x00000006ff200000, 0x0000000700700000, 0x0000000704400000)
  object space 21504K, 3% used [0x00000006ff200000,0x00000006ff2c7db0,0x0000000700700000)

Card table byte_map: [0x00007f67454fb000,0x00007f6745d03000] byte_map_base: 0x00007f6741d02000

Polling page: 0x00007f67484c6000

Code Cache  [0x00007f673d000000, 0x00007f673d270000, 0x00007f6740000000)
 total_blobs=60 nmethods=0 adapters=38 free_code_cache=48825Kb largest_free_block=49997376

Compilation events (0 events):
No events

GC Heap History (0 events):
No events

Deoptimization events (0 events):
No events

Internal exceptions (0 events):
No events

Events (10 events):
Event: 0.050 loading class 0x00007f67442c5790 done
Event: 0.052 Thread 0x00007f6740069800 Thread added: 0x00007f6740069800
Event: 0.052 loading class 0x00007f67442c57d0
Event: 0.052 loading class 0x00007f67442c57d0 done
Event: 0.052 loading class 0x00007f67442db4d0
Event: 0.052 loading class 0x00007f67442db4d0 done
Event: 0.052 loading class 0x00007f67442db4a0
Event: 0.052 loading class 0x00007f67442db4a0 done
Event: 0.052 loading class 0x00007f67442c5d60
Event: 0.052 loading class 0x00007f67442c5d60 done


Dynamic libraries:
00400000-00401000 r-xp 00000000 08:01 6422572                            /usr/lib/jvm/java-7-oracle/bin/javac
00600000-00601000 rw-p 00000000 08:01 6422572                            /usr/lib/jvm/java-7-oracle/bin/javac
015a5000-015c6000 rw-p 00000000 00:00 0                                  [heap]
6ff200000-700700000 rw-p 00000000 00:00 0 
700700000-704400000 rw-p 00000000 00:00 0 
704400000-704980000 rw-p 00000000 00:00 0 
704980000-7ac100000 rw-p 00000000 00:00 0 
7ac100000-7ac500000 rw-p 00000000 00:00 0 
7ac500000-800000000 rw-p 00000000 00:00 0 
7f6708000000-7f6708021000 rw-p 00000000 00:00 0 
7f6708021000-7f670c000000 ---p 00000000 00:00 0 
7f6710000000-7f6710021000 rw-p 00000000 00:00 0 
7f6710021000-7f6714000000 ---p 00000000 00:00 0 
7f6717e8f000-7f6717e92000 ---p 00000000 00:00 0 
7f6717e92000-7f6720000000 rw-p 00000000 00:00 0 
7f6720000000-7f6720021000 rw-p 00000000 00:00 0 
7f6720021000-7f6724000000 ---p 00000000 00:00 0 
7f6728000000-7f6728021000 rw-p 00000000 00:00 0 
7f6728021000-7f672c000000 ---p 00000000 00:00 0 
7f6730000000-7f6730021000 rw-p 00000000 00:00 0 
7f6730021000-7f6734000000 ---p 00000000 00:00 0 
7f6737dfe000-7f6737eff000 rw-p 00000000 00:00 0 
7f6737eff000-7f6737f00000 ---p 00000000 00:00 0 
7f6737f00000-7f6738000000 rw-p 00000000 00:00 0 
7f6738000000-7f6738021000 rw-p 00000000 00:00 0 
7f6738021000-7f673c000000 ---p 00000000 00:00 0 
7f673c04c000-7f673d000000 rw-p 00000000 00:00 0 
7f673d000000-7f673d270000 rwxp 00000000 00:00 0 
7f673d270000-7f6740070000 rw-p 00000000 00:00 0 
7f6740070000-7f6744000000 ---p 00000000 00:00 0 
7f6744037000-7f6744082000 rw-p 00000000 00:00 0 
7f6744082000-7f674423e000 r--s 039b2000 08:01 6428602                    /usr/lib/jvm/java-7-oracle/jre/lib/rt.jar
7f674423e000-7f6744b8f000 rw-p 00000000 00:00 0 
7f6744b8f000-7f6744b90000 ---p 00000000 00:00 0 
7f6744b90000-7f6744c90000 rw-p 00000000 00:00 0 
7f6744c90000-7f6744c91000 ---p 00000000 00:00 0 
7f6744c91000-7f6744d91000 rw-p 00000000 00:00 0 
7f6744d91000-7f6744d92000 ---p 00000000 00:00 0 
7f6744d92000-7f6744e92000 rw-p 00000000 00:00 0 
7f6744e92000-7f6744e93000 ---p 00000000 00:00 0 
7f6744e93000-7f6744f9e000 rw-p 00000000 00:00 0 
7f6744f9e000-7f6744fbc000 rw-p 00000000 00:00 0 
7f6744fbc000-7f6744fbf000 rw-p 00000000 00:00 0 
7f6744fbf000-7f67454fb000 rw-p 00000000 00:00 0 
7f67454fb000-7f6745506000 rw-p 00000000 00:00 0 
7f6745506000-7f6745524000 rw-p 00000000 00:00 0 
7f6745524000-7f6745527000 rw-p 00000000 00:00 0 
7f6745527000-7f6745a62000 rw-p 00000000 00:00 0 
7f6745a62000-7f6745a65000 rw-p 00000000 00:00 0 
7f6745a65000-7f6745d02000 rw-p 00000000 00:00 0 
7f6745d02000-7f6745d03000 rw-p 00000000 00:00 0 
7f6745d03000-7f6745d1d000 r-xp 00000000 08:01 6422706                    /usr/lib/jvm/java-7-oracle/jre/lib/amd64/libzip.so
7f6745d1d000-7f6745f1d000 ---p 0001a000 08:01 6422706                    /usr/lib/jvm/java-7-oracle/jre/lib/amd64/libzip.so
7f6745f1d000-7f6745f1e000 rw-p 0001a000 08:01 6422706                    /usr/lib/jvm/java-7-oracle/jre/lib/amd64/libzip.so
7f6745f1e000-7f674610d000 r--s 00000000 08:01 9965807                    /var/cache/nscd/passwd
7f674610d000-7f6746136000 r-xp 00000000 08:01 6422729                    /usr/lib/jvm/java-7-oracle/jre/lib/amd64/libjava.so
7f6746136000-7f6746336000 ---p 00029000 08:01 6422729                    /usr/lib/jvm/java-7-oracle/jre/lib/amd64/libjava.so
7f6746336000-7f6746338000 rw-p 00029000 08:01 6422729                    /usr/lib/jvm/java-7-oracle/jre/lib/amd64/libjava.so
7f6746338000-7f6746345000 r-xp 00000000 08:01 6422734                    /usr/lib/jvm/java-7-oracle/jre/lib/amd64/libverify.so
7f6746345000-7f6746544000 ---p 0000d000 08:01 6422734                    /usr/lib/jvm/java-7-oracle/jre/lib/amd64/libverify.so
7f6746544000-7f6746546000 rw-p 0000c000 08:01 6422734                    /usr/lib/jvm/java-7-oracle/jre/lib/amd64/libverify.so
7f6746546000-7f674654d000 r-xp 00000000 08:01 11796735                   /lib/x86_64-linux-gnu/librt-2.15.so
7f674654d000-7f674674c000 ---p 00007000 08:01 11796735                   /lib/x86_64-linux-gnu/librt-2.15.so
7f674674c000-7f674674d000 r--p 00006000 08:01 11796735                   /lib/x86_64-linux-gnu/librt-2.15.so
7f674674d000-7f674674e000 rw-p 00007000 08:01 11796735                   /lib/x86_64-linux-gnu/librt-2.15.so
7f674674e000-7f6746849000 r-xp 00000000 08:01 11796738                   /lib/x86_64-linux-gnu/libm-2.15.so
7f6746849000-7f6746a48000 ---p 000fb000 08:01 11796738                   /lib/x86_64-linux-gnu/libm-2.15.so
7f6746a48000-7f6746a49000 r--p 000fa000 08:01 11796738                   /lib/x86_64-linux-gnu/libm-2.15.so
7f6746a49000-7f6746a4a000 rw-p 000fb000 08:01 11796738                   /lib/x86_64-linux-gnu/libm-2.15.so
7f6746a4a000-7f67475ac000 r-xp 00000000 08:01 6422699                    /usr/lib/jvm/java-7-oracle/jre/lib/amd64/server/libjvm.so
7f67475ac000-7f67477ac000 ---p 00b62000 08:01 6422699                    /usr/lib/jvm/java-7-oracle/jre/lib/amd64/server/libjvm.so
7f67477ac000-7f674786f000 rw-p 00b62000 08:01 6422699                    /usr/lib/jvm/java-7-oracle/jre/lib/amd64/server/libjvm.so
7f674786f000-7f67478b0000 rw-p 00000000 00:00 0 
7f67478b0000-7f6747a65000 r-xp 00000000 08:01 11796785                   /lib/x86_64-linux-gnu/libc-2.15.so
7f6747a65000-7f6747c64000 ---p 001b5000 08:01 11796785                   /lib/x86_64-linux-gnu/libc-2.15.so
7f6747c64000-7f6747c68000 r--p 001b4000 08:01 11796785                   /lib/x86_64-linux-gnu/libc-2.15.so
7f6747c68000-7f6747c6a000 rw-p 001b8000 08:01 11796785                   /lib/x86_64-linux-gnu/libc-2.15.so
7f6747c6a000-7f6747c6f000 rw-p 00000000 00:00 0 
7f6747c6f000-7f6747c71000 r-xp 00000000 08:01 11796744                   /lib/x86_64-linux-gnu/libdl-2.15.so
7f6747c71000-7f6747e71000 ---p 00002000 08:01 11796744                   /lib/x86_64-linux-gnu/libdl-2.15.so
7f6747e71000-7f6747e72000 r--p 00002000 08:01 11796744                   /lib/x86_64-linux-gnu/libdl-2.15.so
7f6747e72000-7f6747e73000 rw-p 00003000 08:01 11796744                   /lib/x86_64-linux-gnu/libdl-2.15.so
7f6747e73000-7f6747e89000 r-xp 00000000 08:01 6429444                    /usr/lib/jvm/java-7-oracle/lib/amd64/jli/libjli.so
7f6747e89000-7f6748089000 ---p 00016000 08:01 6429444                    /usr/lib/jvm/java-7-oracle/lib/amd64/jli/libjli.so
7f6748089000-7f674808a000 rw-p 00016000 08:01 6429444                    /usr/lib/jvm/java-7-oracle/lib/amd64/jli/libjli.so
7f674808a000-7f67480a2000 r-xp 00000000 08:01 11796941                   /lib/x86_64-linux-gnu/libpthread-2.15.so
7f67480a2000-7f67482a1000 ---p 00018000 08:01 11796941                   /lib/x86_64-linux-gnu/libpthread-2.15.so
7f67482a1000-7f67482a2000 r--p 00017000 08:01 11796941                   /lib/x86_64-linux-gnu/libpthread-2.15.so
7f67482a2000-7f67482a3000 rw-p 00018000 08:01 11796941                   /lib/x86_64-linux-gnu/libpthread-2.15.so
7f67482a3000-7f67482a7000 rw-p 00000000 00:00 0 
7f67482a7000-7f67482c9000 r-xp 00000000 08:01 11796747                   /lib/x86_64-linux-gnu/ld-2.15.so
7f67482e7000-7f67482f1000 rw-p 00000000 00:00 0 
7f67482f1000-7f67483a7000 rw-p 00000000 00:00 0 
7f67483a7000-7f67483aa000 ---p 00000000 00:00 0 
7f67483aa000-7f67484ac000 rw-p 00000000 00:00 0 
7f67484bd000-7f67484c5000 rw-s 00000000 08:01 7995871                    /tmp/hsperfdata_sa5/11115
7f67484c5000-7f67484c6000 rw-p 00000000 00:00 0 
7f67484c6000-7f67484c7000 r--p 00000000 00:00 0 
7f67484c7000-7f67484c9000 rw-p 00000000 00:00 0 
7f67484c9000-7f67484ca000 r--p 00022000 08:01 11796747                   /lib/x86_64-linux-gnu/ld-2.15.so
7f67484ca000-7f67484cc000 rw-p 00023000 08:01 11796747                   /lib/x86_64-linux-gnu/ld-2.15.so
7fffaaff9000-7fffab01a000 rw-p 00000000 00:00 0                          [stack]
7fffab178000-7fffab179000 r-xp 00000000 00:00 0                          [vdso]
ffffffffff600000-ffffffffff601000 r-xp 00000000 00:00 0                  [vsyscall]

VM Arguments:
jvm_args: -Denv.class.path=.:/usr/local/java:/usr/local/java/classes -Dapplication.home=/usr/lib/jvm/java-7-oracle -Xms8m 
java_command: com.sun.tools.javac.Main
Launcher Type: SUN_STANDARD

Environment Variables:
CLASSPATH=.:/usr/local/java:/usr/local/java/classes
PATH=/usr/local/libexec/oracle11g-client/bin:/usr/local/libexec/oracle11g-client/bin32:/cise/homes/sa5/bin:/usr/local/bin:/bin:/usr/bin:/usr/X11R6/bin:/usr/ccs/bin:/usr/ucb
LD_LIBRARY_PATH=/usr/local/libexec/oracle11g-client/lib:/usr/local/libexec/oracle11g-client/lib32
SHELL=/usr/local/bin/tcsh
HOSTTYPE=x86_64-linux
OSTYPE=linux
MACHTYPE=x86_64

Signal Handlers:
SIGSEGV: [libjvm.so+0x9935b0], sa_mask[0]=0x7ffbfeff, sa_flags=0x10000004
SIGBUS: [libjvm.so+0x9935b0], sa_mask[0]=0x7ffbfeff, sa_flags=0x10000004
SIGFPE: [libjvm.so+0x810330], sa_mask[0]=0x7ffbfeff, sa_flags=0x10000004
SIGPIPE: [libjvm.so+0x810330], sa_mask[0]=0x7ffbfeff, sa_flags=0x10000004
SIGXFSZ: [libjvm.so+0x810330], sa_mask[0]=0x7ffbfeff, sa_flags=0x10000004
SIGILL: [libjvm.so+0x810330], sa_mask[0]=0x7ffbfeff, sa_flags=0x10000004
SIGUSR1: SIG_DFL, sa_mask[0]=0x00000000, sa_flags=0x00000000
SIGUSR2: [libjvm.so+0x811820], sa_mask[0]=0x00000000, sa_flags=0x10000004
SIGHUP: SIG_DFL, sa_mask[0]=0x00000000, sa_flags=0x00000000
SIGINT: SIG_DFL, sa_mask[0]=0x00000000, sa_flags=0x00000000
SIGTERM: SIG_DFL, sa_mask[0]=0x00000000, sa_flags=0x00000000
SIGQUIT: SIG_DFL, sa_mask[0]=0x00000000, sa_flags=0x00000000


---------------  S Y S T E M  ---------------

OS:wheezy/sid

uname:Linux 3.2.0-51-generic #77-Ubuntu SMP Wed Jul 24 20:18:19 UTC 2013 x86_64
libc:glibc 2.15 NPTL 2.15 
rlimit: STACK 8192k, CORE 0k, NPROC 20, NOFILE 4096, AS infinity
load average:14.17 13.81 13.88

/proc/meminfo:
MemTotal:       16495048 kB
MemFree:          310584 kB
Buffers:           60320 kB
Cached:         10445712 kB
SwapCached:        23448 kB
Active:          7789380 kB
Inactive:        5645384 kB
Active(anon):    2510620 kB
Inactive(anon):   420328 kB
Active(file):    5278760 kB
Inactive(file):  5225056 kB
Unevictable:           0 kB
Mlocked:               0 kB
SwapTotal:      16769020 kB
SwapFree:       16277260 kB
Dirty:              7236 kB
Writeback:             0 kB
AnonPages:       2921232 kB
Mapped:           195972 kB
Shmem:              2216 kB
Slab:            2408532 kB
SReclaimable:     949848 kB
SUnreclaim:      1458684 kB
KernelStack:        7728 kB
PageTables:       109676 kB
NFS_Unstable:          0 kB
Bounce:                0 kB
WritebackTmp:          0 kB
CommitLimit:    25016544 kB
Committed_AS:    8219524 kB
VmallocTotal:   34359738367 kB
VmallocUsed:      122136 kB
VmallocChunk:   34351095796 kB
HardwareCorrupted:     0 kB
AnonHugePages:         0 kB
HugePages_Total:       0
HugePages_Free:        0
HugePages_Rsvd:        0
HugePages_Surp:        0
Hugepagesize:       2048 kB
DirectMap4k:      111360 kB
DirectMap2M:    16726016 kB


CPU:total 4 (2 cores per cpu, 1 threads per core) family 15 model 65 stepping 3, cmov, cx8, fxsr, mmx, sse, sse2, sse3, mmxext, 3dnowpref, tsc

/proc/cpuinfo:
processor	: 0
vendor_id	: AuthenticAMD
cpu family	: 15
model		: 65
model name	: Dual-Core AMD Opteron(tm) Processor 2212
stepping	: 3
cpu MHz		: 1994.972
cache size	: 1024 KB
physical id	: 0
siblings	: 2
core id		: 0
cpu cores	: 2
apicid		: 0
initial apicid	: 0
fpu		: yes
fpu_exception	: yes
cpuid level	: 1
wp		: yes
flags		: fpu vme de pse tsc msr pae mce cx8 apic sep mtrr pge mca cmov pat pse36 clflush mmx fxsr sse sse2 ht syscall nx mmxext fxsr_opt rdtscp lm 3dnowext 3dnow rep_good nopl extd_apicid pni cx16 lahf_lm cmp_legacy svm extapic cr8_legacy
bogomips	: 3989.94
TLB size	: 1024 4K pages
clflush size	: 64
cache_alignment	: 64
address sizes	: 40 bits physical, 48 bits virtual
power management: ts fid vid ttp tm stc

processor	: 1
vendor_id	: AuthenticAMD
cpu family	: 15
model		: 65
model name	: Dual-Core AMD Opteron(tm) Processor 2212
stepping	: 3
cpu MHz		: 1994.972
cache size	: 1024 KB
physical id	: 1
siblings	: 2
core id		: 0
cpu cores	: 2
apicid		: 2
initial apicid	: 2
fpu		: yes
fpu_exception	: yes
cpuid level	: 1
wp		: yes
flags		: fpu vme de pse tsc msr pae mce cx8 apic sep mtrr pge mca cmov pat pse36 clflush mmx fxsr sse sse2 ht syscall nx mmxext fxsr_opt rdtscp lm 3dnowext 3dnow rep_good nopl extd_apicid pni cx16 lahf_lm cmp_legacy svm extapic cr8_legacy
bogomips	: 3990.00
TLB size	: 1024 4K pages
clflush size	: 64
cache_alignment	: 64
address sizes	: 40 bits physical, 48 bits virtual
power management: ts fid vid ttp tm stc

processor	: 2
vendor_id	: AuthenticAMD
cpu family	: 15
model		: 65
model name	: Dual-Core AMD Opteron(tm) Processor 2212
stepping	: 3
cpu MHz		: 1994.972
cache size	: 1024 KB
physical id	: 0
siblings	: 2
core id		: 1
cpu cores	: 2
apicid		: 1
initial apicid	: 1
fpu		: yes
fpu_exception	: yes
cpuid level	: 1
wp		: yes
flags		: fpu vme de pse tsc msr pae mce cx8 apic sep mtrr pge mca cmov pat pse36 clflush mmx fxsr sse sse2 ht syscall nx mmxext fxsr_opt rdtscp lm 3dnowext 3dnow rep_good nopl extd_apicid pni cx16 lahf_lm cmp_legacy svm extapic cr8_legacy
bogomips	: 3990.02
TLB size	: 1024 4K pages
clflush size	: 64
cache_alignment	: 64
address sizes	: 40 bits physical, 48 bits virtual
power management: ts fid vid ttp tm stc

processor	: 3
vendor_id	: AuthenticAMD
cpu family	: 15
model		: 65
model name	: Dual-Core AMD Opteron(tm) Processor 2212
stepping	: 3
cpu MHz		: 1994.972
cache size	: 1024 KB
physical id	: 1
siblings	: 2
core id		: 1
cpu cores	: 2
apicid		: 3
initial apicid	: 3
fpu		: yes
fpu_exception	: yes
cpuid level	: 1
wp		: yes
flags		: fpu vme de pse tsc msr pae mce cx8 apic sep mtrr pge mca cmov pat pse36 clflush mmx fxsr sse sse2 ht syscall nx mmxext fxsr_opt rdtscp lm 3dnowext 3dnow rep_good nopl extd_apicid pni cx16 lahf_lm cmp_legacy svm extapic cr8_legacy
bogomips	: 3990.00
TLB size	: 1024 4K pages
clflush size	: 64
cache_alignment	: 64
address sizes	: 40 bits physical, 48 bits virtual
power management: ts fid vid ttp tm stc



Memory: 4k page, physical 16495048k(310584k free), swap 16769020k(16277260k free)

vm_info: Java HotSpot(TM) 64-Bit Server VM (24.45-b08) for linux-amd64 JRE (1.7.0_45-b18), built on Oct  8 2013 05:44:25 by "java_re" with gcc 4.3.0 20080428 (Red Hat 4.3.0-8)

time: Tue Nov 19 18:36:46 2013
elapsed time: 0 seconds

