#
# A fatal error has been detected by the Java Runtime Environment:
#
#  SIGSEGV (0xb) at pc=0x0000000000000000, pid=11082, tid=140030251169536
#
# JRE version:  (7.0_45-b18) (build )
# Java VM: Java HotSpot(TM) 64-Bit Server VM (24.45-b08 mixed mode linux-amd64 compressed oops)
# Problematic frame:
# C  0x0000000000000000
#
# Failed to write core dump. Core dumps have been disabled. To enable core dumping, try "ulimit -c unlimited" before starting Java again
#
# If you would like to submit a bug report, please visit:
#   http://bugreport.sun.com/bugreport/crash.jsp
#

---------------  T H R E A D  ---------------

Current thread (0x00007f5b4c007800):  JavaThread "main" [_thread_in_Java, id=11083, stack(0x00007f5b5550f000,0x00007f5b55610000)]

siginfo:si_signo=SIGSEGV: si_errno=0, si_code=1 (SEGV_MAPERR), si_addr=0x0000000000000000

Registers:
RAX=0x0000000000000000, RBX=0x00000006ff2145b8, RCX=0x00000007ac100da0, RDX=0x0000000000500001
RSP=0x00007f5b5560dbc0, RBP=0x00007f5b5560dc10, RSI=0x0000000000000001, RDI=0x00007f5b4c007800
R8 =0x0000000000000006, R9 =0x0000000000005300, R10=0x00007f5b549efc20, R11=0x00007f5b53ecacf0
R12=0x0000000000000000, R13=0x00007f5b5560dbc8, R14=0x00007f5b5560dc18, R15=0x00007f5b4c007800
RIP=0x0000000000000000, EFLAGS=0x0000000000010246, CSGSFS=0x0000000000000033, ERR=0x0000000000000014
  TRAPNO=0x000000000000000e

Top of Stack: (sp=0x00007f5b5560dbc0)
0x00007f5b5560dbc0:   00007f5b49006350 00000007ac100da0
0x00007f5b5560dbd0:   00007f5b5560dbd0 00000006ff222d0b
0x00007f5b5560dbe0:   00007f5b5560dc18 00000006ff2a4010
0x00007f5b5560dbf0:   0000000000000000 00000006ff222d48
0x00007f5b5560dc00:   00007f5b5560dbc8 00007f5b5560dc20
0x00007f5b5560dc10:   00007f5b5560dc80 00007f5b490004e7
0x00007f5b5560dc20:   0000000000001fa0 00007f5b5560de20
0x00007f5b5560dc30:   00007f5b5560dd00 00007f5b5560dda0
0x00007f5b5560dc40:   00007f5b4c007800 00007f5b4c0088c8
0x00007f5b5560dc50:   00007f5b5560dcc0 00007f5b5560de28
0x00007f5b5560dc60:   00007f5b0000000a 00000006ff222d48
0x00007f5b5560dc70:   00007f5b490102a0 00007f5b5560dda8
0x00007f5b5560dc80:   00007f5b5560dd70 00007f5b541aa485
0x00007f5b5560dc90:   00007f5b00000000 00007f5b4c007800
0x00007f5b5560dca0:   00007f5b4c008808 00007f5b5560dcc0
0x00007f5b5560dcb0:   00007f5b490102a0 000000000000000a
0x00007f5b5560dcc0:   00007f5b4c007800 00007f5b4c068bb0
0x00007f5b5560dcd0:   00000006ff222d48 0000000000000000
0x00007f5b5560dce0:   00007f5b5560e6b0 00007f5b4901270c
0x00007f5b5560dcf0:   00007f5b5560e700 00007f5b5560de20
0x00007f5b5560dd00:   00007f5b4c007800 00007f5b4c0073b0
0x00007f5b5560dd10:   00007f5b4c008720 00007f5b4c0088d0
0x00007f5b5560dd20:   00007f5b4c008b08 00000000000003d8
0x00007f5b5560dd30:   00007f5b5560df40 00007f5b5141fed0
0x00007f5b5560dd40:   00007f5b5141e4a0 00000006ff222d48
0x00007f5b5560dd50:   00007f5b4c007800 00007f5b5560ded0
0x00007f5b5560dd60:   00000006ff202b68 00007f5b5560de50
0x00007f5b5560dd70:   00007f5b5560dd90 00007f5b541a8ee8
0x00007f5b5560dd80:   00000006ff222d48 00007f5b4c0088c8
0x00007f5b5560dd90:   00007f5b5560de40 00007f5b5416aeca
0x00007f5b5560dda0:   00007f5b4c007380 00000000000003d8
0x00007f5b5560ddb0:   00007f5b5560e050 00007f5b5560ddf0 

Instructions: (pc=0x0000000000000000)
0xffffffffffffffe0:   

Register to memory mapping:

RAX=0x0000000000000000 is an unknown value
RBX=0x00000006ff2145b8 is an oop
{method} 
 - klass: {other class}
RCX=0x00000007ac100da0 is an oop
java.lang.Class 
 - klass: 'java/lang/Class'
RDX=0x0000000000500001 is an unknown value
RSP=0x00007f5b5560dbc0 is pointing into the stack for thread: 0x00007f5b4c007800
RBP=0x00007f5b5560dc10 is pointing into the stack for thread: 0x00007f5b4c007800
RSI=0x0000000000000001 is an unknown value
RDI=0x00007f5b4c007800 is a thread
R8 =0x0000000000000006 is an unknown value
R9 =0x0000000000005300 is an unknown value
R10=0x00007f5b549efc20: <offset 0xe3dc20> in /usr/lib/jvm/java-7-oracle/jre/lib/amd64/server/libjvm.so at 0x00007f5b53bb2000
R11=0x00007f5b53ecacf0: <offset 0x318cf0> in /usr/lib/jvm/java-7-oracle/jre/lib/amd64/server/libjvm.so at 0x00007f5b53bb2000
R12=0x0000000000000000 is an unknown value
R13=0x00007f5b5560dbc8 is pointing into the stack for thread: 0x00007f5b4c007800
R14=0x00007f5b5560dc18 is pointing into the stack for thread: 0x00007f5b4c007800
R15=0x00007f5b4c007800 is a thread


Stack: [0x00007f5b5550f000,0x00007f5b55610000],  sp=0x00007f5b5560dbc0,  free space=1018k

---------------  P R O C E S S  ---------------

Java Threads: ( => current thread )
  0x00007f5b4c069800 JavaThread "Reference Handler" daemon [_thread_blocked, id=11089, stack(0x00007f5b48eff000,0x00007f5b49000000)]
=>0x00007f5b4c007800 JavaThread "main" [_thread_in_Java, id=11083, stack(0x00007f5b5550f000,0x00007f5b55610000)]

Other Threads:
  0x00007f5b4c067000 VMThread [stack: 0x00007f5b500ea000,0x00007f5b501eb000] [id=11088]

VM state:not at safepoint (normal execution)

VM Mutex/Monitor currently owned by a thread: None

Heap
 PSYoungGen      total 3584K, used 61K [0x00000007ac100000, 0x00000007ac500000, 0x0000000800000000)
  eden space 3072K, 2% used [0x00000007ac100000,0x00000007ac10f630,0x00000007ac400000)
  from space 512K, 0% used [0x00000007ac480000,0x00000007ac480000,0x00000007ac500000)
  to   space 512K, 0% used [0x00000007ac400000,0x00000007ac400000,0x00000007ac480000)
 ParOldGen       total 5632K, used 0K [0x0000000704400000, 0x0000000704980000, 0x00000007ac100000)
  object space 5632K, 0% used [0x0000000704400000,0x0000000704400000,0x0000000704980000)
 PSPermGen       total 21504K, used 799K [0x00000006ff200000, 0x0000000700700000, 0x0000000704400000)
  object space 21504K, 3% used [0x00000006ff200000,0x00000006ff2c7db0,0x0000000700700000)

Card table byte_map: [0x00007f5b52663000,0x00007f5b52e6b000] byte_map_base: 0x00007f5b4ee6a000

Polling page: 0x00007f5b5562e000

Code Cache  [0x00007f5b49000000, 0x00007f5b49270000, 0x00007f5b4c000000)
 total_blobs=60 nmethods=0 adapters=38 free_code_cache=48825Kb largest_free_block=49997376

Compilation events (0 events):
No events

GC Heap History (0 events):
No events

Deoptimization events (0 events):
No events

Internal exceptions (0 events):
No events

Events (10 events):
Event: 0.044 loading class 0x00007f5b5142d790 done
Event: 0.044 Thread 0x00007f5b4c069800 Thread added: 0x00007f5b4c069800
Event: 0.044 loading class 0x00007f5b5142d7d0
Event: 0.045 loading class 0x00007f5b5142d7d0 done
Event: 0.045 loading class 0x00007f5b514434d0
Event: 0.045 loading class 0x00007f5b514434d0 done
Event: 0.045 loading class 0x00007f5b514434a0
Event: 0.045 loading class 0x00007f5b514434a0 done
Event: 0.045 loading class 0x00007f5b5142dd60
Event: 0.045 loading class 0x00007f5b5142dd60 done


Dynamic libraries:
00400000-00401000 r-xp 00000000 08:01 6422572                            /usr/lib/jvm/java-7-oracle/bin/javac
00600000-00601000 rw-p 00000000 08:01 6422572                            /usr/lib/jvm/java-7-oracle/bin/javac
01351000-01372000 rw-p 00000000 00:00 0                                  [heap]
6ff200000-700700000 rw-p 00000000 00:00 0 
700700000-704400000 rw-p 00000000 00:00 0 
704400000-704980000 rw-p 00000000 00:00 0 
704980000-7ac100000 rw-p 00000000 00:00 0 
7ac100000-7ac500000 rw-p 00000000 00:00 0 
7ac500000-800000000 rw-p 00000000 00:00 0 
7f5b1c000000-7f5b1c021000 rw-p 00000000 00:00 0 
7f5b1c021000-7f5b20000000 ---p 00000000 00:00 0 
7f5b23f90000-7f5b2c000000 rw-p 00000000 00:00 0 
7f5b2c000000-7f5b2c021000 rw-p 00000000 00:00 0 
7f5b2c021000-7f5b30000000 ---p 00000000 00:00 0 
7f5b30000000-7f5b30021000 rw-p 00000000 00:00 0 
7f5b30021000-7f5b34000000 ---p 00000000 00:00 0 
7f5b34000000-7f5b34021000 rw-p 00000000 00:00 0 
7f5b34021000-7f5b38000000 ---p 00000000 00:00 0 
7f5b3c000000-7f5b3c021000 rw-p 00000000 00:00 0 
7f5b3c021000-7f5b40000000 ---p 00000000 00:00 0 
7f5b44000000-7f5b44021000 rw-p 00000000 00:00 0 
7f5b44021000-7f5b48000000 ---p 00000000 00:00 0 
7f5b48dfe000-7f5b48eff000 rw-p 00000000 00:00 0 
7f5b48eff000-7f5b48f02000 ---p 00000000 00:00 0 
7f5b48f02000-7f5b49000000 rw-p 00000000 00:00 0 
7f5b49000000-7f5b49270000 rwxp 00000000 00:00 0 
7f5b49270000-7f5b4c070000 rw-p 00000000 00:00 0 
7f5b4c070000-7f5b50000000 ---p 00000000 00:00 0 
7f5b500ea000-7f5b500eb000 ---p 00000000 00:00 0 
7f5b500eb000-7f5b511ea000 rw-p 00000000 00:00 0 
7f5b511ea000-7f5b513a6000 r--s 039b2000 08:01 6428602                    /usr/lib/jvm/java-7-oracle/jre/lib/rt.jar
7f5b513a6000-7f5b51cf7000 rw-p 00000000 00:00 0 
7f5b51cf7000-7f5b51cf8000 ---p 00000000 00:00 0 
7f5b51cf8000-7f5b51df8000 rw-p 00000000 00:00 0 
7f5b51df8000-7f5b51df9000 ---p 00000000 00:00 0 
7f5b51df9000-7f5b51ef9000 rw-p 00000000 00:00 0 
7f5b51ef9000-7f5b51efa000 ---p 00000000 00:00 0 
7f5b51efa000-7f5b51ffa000 rw-p 00000000 00:00 0 
7f5b51ffa000-7f5b51ffb000 ---p 00000000 00:00 0 
7f5b51ffb000-7f5b52106000 rw-p 00000000 00:00 0 
7f5b52106000-7f5b52124000 rw-p 00000000 00:00 0 
7f5b52124000-7f5b52127000 rw-p 00000000 00:00 0 
7f5b52127000-7f5b52663000 rw-p 00000000 00:00 0 
7f5b52663000-7f5b5266e000 rw-p 00000000 00:00 0 
7f5b5266e000-7f5b5268c000 rw-p 00000000 00:00 0 
7f5b5268c000-7f5b5268f000 rw-p 00000000 00:00 0 
7f5b5268f000-7f5b52bca000 rw-p 00000000 00:00 0 
7f5b52bca000-7f5b52bcd000 rw-p 00000000 00:00 0 
7f5b52bcd000-7f5b52e6a000 rw-p 00000000 00:00 0 
7f5b52e6a000-7f5b52e6b000 rw-p 00000000 00:00 0 
7f5b52e6b000-7f5b52e85000 r-xp 00000000 08:01 6422706                    /usr/lib/jvm/java-7-oracle/jre/lib/amd64/libzip.so
7f5b52e85000-7f5b53085000 ---p 0001a000 08:01 6422706                    /usr/lib/jvm/java-7-oracle/jre/lib/amd64/libzip.so
7f5b53085000-7f5b53086000 rw-p 0001a000 08:01 6422706                    /usr/lib/jvm/java-7-oracle/jre/lib/amd64/libzip.so
7f5b53086000-7f5b53275000 r--s 00000000 08:01 9965807                    /var/cache/nscd/passwd
7f5b53275000-7f5b5329e000 r-xp 00000000 08:01 6422729                    /usr/lib/jvm/java-7-oracle/jre/lib/amd64/libjava.so
7f5b5329e000-7f5b5349e000 ---p 00029000 08:01 6422729                    /usr/lib/jvm/java-7-oracle/jre/lib/amd64/libjava.so
7f5b5349e000-7f5b534a0000 rw-p 00029000 08:01 6422729                    /usr/lib/jvm/java-7-oracle/jre/lib/amd64/libjava.so
7f5b534a0000-7f5b534ad000 r-xp 00000000 08:01 6422734                    /usr/lib/jvm/java-7-oracle/jre/lib/amd64/libverify.so
7f5b534ad000-7f5b536ac000 ---p 0000d000 08:01 6422734                    /usr/lib/jvm/java-7-oracle/jre/lib/amd64/libverify.so
7f5b536ac000-7f5b536ae000 rw-p 0000c000 08:01 6422734                    /usr/lib/jvm/java-7-oracle/jre/lib/amd64/libverify.so
7f5b536ae000-7f5b536b5000 r-xp 00000000 08:01 11796735                   /lib/x86_64-linux-gnu/librt-2.15.so
7f5b536b5000-7f5b538b4000 ---p 00007000 08:01 11796735                   /lib/x86_64-linux-gnu/librt-2.15.so
7f5b538b4000-7f5b538b5000 r--p 00006000 08:01 11796735                   /lib/x86_64-linux-gnu/librt-2.15.so
7f5b538b5000-7f5b538b6000 rw-p 00007000 08:01 11796735                   /lib/x86_64-linux-gnu/librt-2.15.so
7f5b538b6000-7f5b539b1000 r-xp 00000000 08:01 11796738                   /lib/x86_64-linux-gnu/libm-2.15.so
7f5b539b1000-7f5b53bb0000 ---p 000fb000 08:01 11796738                   /lib/x86_64-linux-gnu/libm-2.15.so
7f5b53bb0000-7f5b53bb1000 r--p 000fa000 08:01 11796738                   /lib/x86_64-linux-gnu/libm-2.15.so
7f5b53bb1000-7f5b53bb2000 rw-p 000fb000 08:01 11796738                   /lib/x86_64-linux-gnu/libm-2.15.so
7f5b53bb2000-7f5b54714000 r-xp 00000000 08:01 6422699                    /usr/lib/jvm/java-7-oracle/jre/lib/amd64/server/libjvm.so
7f5b54714000-7f5b54914000 ---p 00b62000 08:01 6422699                    /usr/lib/jvm/java-7-oracle/jre/lib/amd64/server/libjvm.so
7f5b54914000-7f5b549d7000 rw-p 00b62000 08:01 6422699                    /usr/lib/jvm/java-7-oracle/jre/lib/amd64/server/libjvm.so
7f5b549d7000-7f5b54a18000 rw-p 00000000 00:00 0 
7f5b54a18000-7f5b54bcd000 r-xp 00000000 08:01 11796785                   /lib/x86_64-linux-gnu/libc-2.15.so
7f5b54bcd000-7f5b54dcc000 ---p 001b5000 08:01 11796785                   /lib/x86_64-linux-gnu/libc-2.15.so
7f5b54dcc000-7f5b54dd0000 r--p 001b4000 08:01 11796785                   /lib/x86_64-linux-gnu/libc-2.15.so
7f5b54dd0000-7f5b54dd2000 rw-p 001b8000 08:01 11796785                   /lib/x86_64-linux-gnu/libc-2.15.so
7f5b54dd2000-7f5b54dd7000 rw-p 00000000 00:00 0 
7f5b54dd7000-7f5b54dd9000 r-xp 00000000 08:01 11796744                   /lib/x86_64-linux-gnu/libdl-2.15.so
7f5b54dd9000-7f5b54fd9000 ---p 00002000 08:01 11796744                   /lib/x86_64-linux-gnu/libdl-2.15.so
7f5b54fd9000-7f5b54fda000 r--p 00002000 08:01 11796744                   /lib/x86_64-linux-gnu/libdl-2.15.so
7f5b54fda000-7f5b54fdb000 rw-p 00003000 08:01 11796744                   /lib/x86_64-linux-gnu/libdl-2.15.so
7f5b54fdb000-7f5b54ff1000 r-xp 00000000 08:01 6429444                    /usr/lib/jvm/java-7-oracle/lib/amd64/jli/libjli.so
7f5b54ff1000-7f5b551f1000 ---p 00016000 08:01 6429444                    /usr/lib/jvm/java-7-oracle/lib/amd64/jli/libjli.so
7f5b551f1000-7f5b551f2000 rw-p 00016000 08:01 6429444                    /usr/lib/jvm/java-7-oracle/lib/amd64/jli/libjli.so
7f5b551f2000-7f5b5520a000 r-xp 00000000 08:01 11796941                   /lib/x86_64-linux-gnu/libpthread-2.15.so
7f5b5520a000-7f5b55409000 ---p 00018000 08:01 11796941                   /lib/x86_64-linux-gnu/libpthread-2.15.so
7f5b55409000-7f5b5540a000 r--p 00017000 08:01 11796941                   /lib/x86_64-linux-gnu/libpthread-2.15.so
7f5b5540a000-7f5b5540b000 rw-p 00018000 08:01 11796941                   /lib/x86_64-linux-gnu/libpthread-2.15.so
7f5b5540b000-7f5b5540f000 rw-p 00000000 00:00 0 
7f5b5540f000-7f5b55431000 r-xp 00000000 08:01 11796747                   /lib/x86_64-linux-gnu/ld-2.15.so
7f5b5544f000-7f5b55459000 rw-p 00000000 00:00 0 
7f5b55459000-7f5b5550f000 rw-p 00000000 00:00 0 
7f5b5550f000-7f5b55512000 ---p 00000000 00:00 0 
7f5b55512000-7f5b55614000 rw-p 00000000 00:00 0 
7f5b55625000-7f5b5562d000 rw-s 00000000 08:01 7995871                    /tmp/hsperfdata_sa5/11082
7f5b5562d000-7f5b5562e000 rw-p 00000000 00:00 0 
7f5b5562e000-7f5b5562f000 r--p 00000000 00:00 0 
7f5b5562f000-7f5b55631000 rw-p 00000000 00:00 0 
7f5b55631000-7f5b55632000 r--p 00022000 08:01 11796747                   /lib/x86_64-linux-gnu/ld-2.15.so
7f5b55632000-7f5b55634000 rw-p 00023000 08:01 11796747                   /lib/x86_64-linux-gnu/ld-2.15.so
7fff97746000-7fff97767000 rw-p 00000000 00:00 0                          [stack]
7fff977ba000-7fff977bb000 r-xp 00000000 00:00 0                          [vdso]
ffffffffff600000-ffffffffff601000 r-xp 00000000 00:00 0                  [vsyscall]

VM Arguments:
jvm_args: -Denv.class.path=.:/usr/local/java:/usr/local/java/classes -Dapplication.home=/usr/lib/jvm/java-7-oracle -Xms8m 
java_command: com.sun.tools.javac.Main -cp ojdbc5.jar adwords.java
Launcher Type: SUN_STANDARD

Environment Variables:
CLASSPATH=.:/usr/local/java:/usr/local/java/classes
PATH=/usr/local/libexec/oracle11g-client/bin:/usr/local/libexec/oracle11g-client/bin32:/cise/homes/sa5/bin:/usr/local/bin:/bin:/usr/bin:/usr/X11R6/bin:/usr/ccs/bin:/usr/ucb
LD_LIBRARY_PATH=/usr/local/libexec/oracle11g-client/lib:/usr/local/libexec/oracle11g-client/lib32
SHELL=/usr/local/bin/tcsh
HOSTTYPE=x86_64-linux
OSTYPE=linux
MACHTYPE=x86_64

Signal Handlers:
SIGSEGV: [libjvm.so+0x9935b0], sa_mask[0]=0x7ffbfeff, sa_flags=0x10000004
SIGBUS: [libjvm.so+0x9935b0], sa_mask[0]=0x7ffbfeff, sa_flags=0x10000004
SIGFPE: [libjvm.so+0x810330], sa_mask[0]=0x7ffbfeff, sa_flags=0x10000004
SIGPIPE: [libjvm.so+0x810330], sa_mask[0]=0x7ffbfeff, sa_flags=0x10000004
SIGXFSZ: [libjvm.so+0x810330], sa_mask[0]=0x7ffbfeff, sa_flags=0x10000004
SIGILL: [libjvm.so+0x810330], sa_mask[0]=0x7ffbfeff, sa_flags=0x10000004
SIGUSR1: SIG_DFL, sa_mask[0]=0x00000000, sa_flags=0x00000000
SIGUSR2: [libjvm.so+0x811820], sa_mask[0]=0x00000000, sa_flags=0x10000004
SIGHUP: SIG_DFL, sa_mask[0]=0x00000000, sa_flags=0x00000000
SIGINT: SIG_DFL, sa_mask[0]=0x00000000, sa_flags=0x00000000
SIGTERM: SIG_DFL, sa_mask[0]=0x00000000, sa_flags=0x00000000
SIGQUIT: SIG_DFL, sa_mask[0]=0x00000000, sa_flags=0x00000000


---------------  S Y S T E M  ---------------

OS:wheezy/sid

uname:Linux 3.2.0-51-generic #77-Ubuntu SMP Wed Jul 24 20:18:19 UTC 2013 x86_64
libc:glibc 2.15 NPTL 2.15 
rlimit: STACK 8192k, CORE 0k, NPROC 20, NOFILE 4096, AS infinity
load average:14.91 13.87 13.90

/proc/meminfo:
MemTotal:       16495048 kB
MemFree:          310212 kB
Buffers:           60272 kB
Cached:         10445692 kB
SwapCached:        23448 kB
Active:          7791056 kB
Inactive:        5645288 kB
Active(anon):    2512268 kB
Inactive(anon):   420328 kB
Active(file):    5278788 kB
Inactive(file):  5224960 kB
Unevictable:           0 kB
Mlocked:               0 kB
SwapTotal:      16769020 kB
SwapFree:       16277260 kB
Dirty:              7368 kB
Writeback:             0 kB
AnonPages:       2922728 kB
Mapped:           195972 kB
Shmem:              2216 kB
Slab:            2408476 kB
SReclaimable:     949848 kB
SUnreclaim:      1458628 kB
KernelStack:        7728 kB
PageTables:       109688 kB
NFS_Unstable:          0 kB
Bounce:                0 kB
WritebackTmp:          0 kB
CommitLimit:    25016544 kB
Committed_AS:    8221600 kB
VmallocTotal:   34359738367 kB
VmallocUsed:      122136 kB
VmallocChunk:   34351095796 kB
HardwareCorrupted:     0 kB
AnonHugePages:         0 kB
HugePages_Total:       0
HugePages_Free:        0
HugePages_Rsvd:        0
HugePages_Surp:        0
Hugepagesize:       2048 kB
DirectMap4k:      111360 kB
DirectMap2M:    16726016 kB


CPU:total 4 (2 cores per cpu, 1 threads per core) family 15 model 65 stepping 3, cmov, cx8, fxsr, mmx, sse, sse2, sse3, mmxext, 3dnowpref, tsc

/proc/cpuinfo:
processor	: 0
vendor_id	: AuthenticAMD
cpu family	: 15
model		: 65
model name	: Dual-Core AMD Opteron(tm) Processor 2212
stepping	: 3
cpu MHz		: 1994.972
cache size	: 1024 KB
physical id	: 0
siblings	: 2
core id		: 0
cpu cores	: 2
apicid		: 0
initial apicid	: 0
fpu		: yes
fpu_exception	: yes
cpuid level	: 1
wp		: yes
flags		: fpu vme de pse tsc msr pae mce cx8 apic sep mtrr pge mca cmov pat pse36 clflush mmx fxsr sse sse2 ht syscall nx mmxext fxsr_opt rdtscp lm 3dnowext 3dnow rep_good nopl extd_apicid pni cx16 lahf_lm cmp_legacy svm extapic cr8_legacy
bogomips	: 3989.94
TLB size	: 1024 4K pages
clflush size	: 64
cache_alignment	: 64
address sizes	: 40 bits physical, 48 bits virtual
power management: ts fid vid ttp tm stc

processor	: 1
vendor_id	: AuthenticAMD
cpu family	: 15
model		: 65
model name	: Dual-Core AMD Opteron(tm) Processor 2212
stepping	: 3
cpu MHz		: 1994.972
cache size	: 1024 KB
physical id	: 1
siblings	: 2
core id		: 0
cpu cores	: 2
apicid		: 2
initial apicid	: 2
fpu		: yes
fpu_exception	: yes
cpuid level	: 1
wp		: yes
flags		: fpu vme de pse tsc msr pae mce cx8 apic sep mtrr pge mca cmov pat pse36 clflush mmx fxsr sse sse2 ht syscall nx mmxext fxsr_opt rdtscp lm 3dnowext 3dnow rep_good nopl extd_apicid pni cx16 lahf_lm cmp_legacy svm extapic cr8_legacy
bogomips	: 3990.00
TLB size	: 1024 4K pages
clflush size	: 64
cache_alignment	: 64
address sizes	: 40 bits physical, 48 bits virtual
power management: ts fid vid ttp tm stc

processor	: 2
vendor_id	: AuthenticAMD
cpu family	: 15
model		: 65
model name	: Dual-Core AMD Opteron(tm) Processor 2212
stepping	: 3
cpu MHz		: 1994.972
cache size	: 1024 KB
physical id	: 0
siblings	: 2
core id		: 1
cpu cores	: 2
apicid		: 1
initial apicid	: 1
fpu		: yes
fpu_exception	: yes
cpuid level	: 1
wp		: yes
flags		: fpu vme de pse tsc msr pae mce cx8 apic sep mtrr pge mca cmov pat pse36 clflush mmx fxsr sse sse2 ht syscall nx mmxext fxsr_opt rdtscp lm 3dnowext 3dnow rep_good nopl extd_apicid pni cx16 lahf_lm cmp_legacy svm extapic cr8_legacy
bogomips	: 3990.02
TLB size	: 1024 4K pages
clflush size	: 64
cache_alignment	: 64
address sizes	: 40 bits physical, 48 bits virtual
power management: ts fid vid ttp tm stc

processor	: 3
vendor_id	: AuthenticAMD
cpu family	: 15
model		: 65
model name	: Dual-Core AMD Opteron(tm) Processor 2212
stepping	: 3
cpu MHz		: 1994.972
cache size	: 1024 KB
physical id	: 1
siblings	: 2
core id		: 1
cpu cores	: 2
apicid		: 3
initial apicid	: 3
fpu		: yes
fpu_exception	: yes
cpuid level	: 1
wp		: yes
flags		: fpu vme de pse tsc msr pae mce cx8 apic sep mtrr pge mca cmov pat pse36 clflush mmx fxsr sse sse2 ht syscall nx mmxext fxsr_opt rdtscp lm 3dnowext 3dnow rep_good nopl extd_apicid pni cx16 lahf_lm cmp_legacy svm extapic cr8_legacy
bogomips	: 3990.00
TLB size	: 1024 4K pages
clflush size	: 64
cache_alignment	: 64
address sizes	: 40 bits physical, 48 bits virtual
power management: ts fid vid ttp tm stc



Memory: 4k page, physical 16495048k(310212k free), swap 16769020k(16277260k free)

vm_info: Java HotSpot(TM) 64-Bit Server VM (24.45-b08) for linux-amd64 JRE (1.7.0_45-b18), built on Oct  8 2013 05:44:25 by "java_re" with gcc 4.3.0 20080428 (Red Hat 4.3.0-8)

time: Tue Nov 19 18:36:02 2013
elapsed time: 0 seconds

