#
# A fatal error has been detected by the Java Runtime Environment:
#
#  SIGSEGV (0xb) at pc=0x0000000000000000, pid=11164, tid=139978102114048
#
# JRE version:  (7.0_45-b18) (build )
# Java VM: Java HotSpot(TM) 64-Bit Server VM (24.45-b08 mixed mode linux-amd64 compressed oops)
# Problematic frame:
# C  0x0000000000000000
#
# Failed to write core dump. Core dumps have been disabled. To enable core dumping, try "ulimit -c unlimited" before starting Java again
#
# If you would like to submit a bug report, please visit:
#   http://bugreport.sun.com/bugreport/crash.jsp
#

---------------  T H R E A D  ---------------

Current thread (0x00007f4f28007800):  JavaThread "main" [_thread_in_Java, id=11165, stack(0x00007f4f30fd8000,0x00007f4f310d9000)]

siginfo:si_signo=SIGSEGV: si_errno=0, si_code=1 (SEGV_MAPERR), si_addr=0x0000000000000000

Registers:
RAX=0x0000000000000000, RBX=0x00000006ff2145b8, RCX=0x00000007ac100da0, RDX=0x0000000000500001
RSP=0x00007f4f310d6bc0, RBP=0x00007f4f310d6c10, RSI=0x0000000000000001, RDI=0x00007f4f28007800
R8 =0x0000000000000006, R9 =0x0000000000005300, R10=0x00007f4f304b8c20, R11=0x00007f4f2f993cf0
R12=0x0000000000000000, R13=0x00007f4f310d6bc8, R14=0x00007f4f310d6c18, R15=0x00007f4f28007800
RIP=0x0000000000000000, EFLAGS=0x0000000000010246, CSGSFS=0x0000000000000033, ERR=0x0000000000000014
  TRAPNO=0x000000000000000e

Top of Stack: (sp=0x00007f4f310d6bc0)
0x00007f4f310d6bc0:   00007f4f25006350 00000007ac100da0
0x00007f4f310d6bd0:   00007f4f310d6bd0 00000006ff222d0b
0x00007f4f310d6be0:   00007f4f310d6c18 00000006ff2a4010
0x00007f4f310d6bf0:   0000000000000000 00000006ff222d48
0x00007f4f310d6c00:   00007f4f310d6bc8 00007f4f310d6c20
0x00007f4f310d6c10:   00007f4f310d6c80 00007f4f250004e7
0x00007f4f310d6c20:   0000000000001fa0 00007f4f310d6e20
0x00007f4f310d6c30:   00007f4f310d6d00 00007f4f310d6da0
0x00007f4f310d6c40:   00007f4f28007800 00007f4f280088a8
0x00007f4f310d6c50:   00007f4f310d6cc0 00007f4f310d6e28
0x00007f4f310d6c60:   00007f4f0000000a 00000006ff222d48
0x00007f4f310d6c70:   00007f4f250102a0 00007f4f310d6da8
0x00007f4f310d6c80:   00007f4f310d6d70 00007f4f2fc73485
0x00007f4f310d6c90:   00007f4f00000000 00007f4f28007800
0x00007f4f310d6ca0:   00007f4f280087e8 00007f4f310d6cc0
0x00007f4f310d6cb0:   00007f4f250102a0 000000000000000a
0x00007f4f310d6cc0:   00007f4f28007800 00007f4f28068b90
0x00007f4f310d6cd0:   00000006ff222d48 0000000000000000
0x00007f4f310d6ce0:   00007f4f310d76b0 00007f4f2501270c
0x00007f4f310d6cf0:   00007f4f310d7700 00007f4f310d6e20
0x00007f4f310d6d00:   00007f4f28007800 00007f4f28007390
0x00007f4f310d6d10:   00007f4f28008700 00007f4f280088b0
0x00007f4f310d6d20:   00007f4f28008ae8 00000000000003d8
0x00007f4f310d6d30:   00007f4f310d6f40 00007f4f2cee8ed0
0x00007f4f310d6d40:   00007f4f2cee74a0 00000006ff222d48
0x00007f4f310d6d50:   00007f4f28007800 00007f4f310d6ed0
0x00007f4f310d6d60:   00000006ff202b68 00007f4f310d6e50
0x00007f4f310d6d70:   00007f4f310d6d90 00007f4f2fc71ee8
0x00007f4f310d6d80:   00000006ff222d48 00007f4f280088a8
0x00007f4f310d6d90:   00007f4f310d6e40 00007f4f2fc33eca
0x00007f4f310d6da0:   00007f4f28007360 00000000000003d8
0x00007f4f310d6db0:   00007f4f310d7050 00007f4f310d6df0 

Instructions: (pc=0x0000000000000000)
0xffffffffffffffe0:   

Register to memory mapping:

RAX=0x0000000000000000 is an unknown value
RBX=0x00000006ff2145b8 is an oop
{method} 
 - klass: {other class}
RCX=0x00000007ac100da0 is an oop
java.lang.Class 
 - klass: 'java/lang/Class'
RDX=0x0000000000500001 is an unknown value
RSP=0x00007f4f310d6bc0 is pointing into the stack for thread: 0x00007f4f28007800
RBP=0x00007f4f310d6c10 is pointing into the stack for thread: 0x00007f4f28007800
RSI=0x0000000000000001 is an unknown value
RDI=0x00007f4f28007800 is a thread
R8 =0x0000000000000006 is an unknown value
R9 =0x0000000000005300 is an unknown value
R10=0x00007f4f304b8c20: <offset 0xe3dc20> in /usr/lib/jvm/java-7-oracle/jre/lib/amd64/server/libjvm.so at 0x00007f4f2f67b000
R11=0x00007f4f2f993cf0: <offset 0x318cf0> in /usr/lib/jvm/java-7-oracle/jre/lib/amd64/server/libjvm.so at 0x00007f4f2f67b000
R12=0x0000000000000000 is an unknown value
R13=0x00007f4f310d6bc8 is pointing into the stack for thread: 0x00007f4f28007800
R14=0x00007f4f310d6c18 is pointing into the stack for thread: 0x00007f4f28007800
R15=0x00007f4f28007800 is a thread


Stack: [0x00007f4f30fd8000,0x00007f4f310d9000],  sp=0x00007f4f310d6bc0,  free space=1018k

---------------  P R O C E S S  ---------------

Java Threads: ( => current thread )
  0x00007f4f28069800 JavaThread "Reference Handler" daemon [_thread_blocked, id=11171, stack(0x00007f4effe8f000,0x00007f4efff90000)]
=>0x00007f4f28007800 JavaThread "main" [_thread_in_Java, id=11165, stack(0x00007f4f30fd8000,0x00007f4f310d9000)]

Other Threads:
  0x00007f4f28067000 VMThread [stack: 0x00007f4f24afb000,0x00007f4f24bfc000] [id=11170]

VM state:not at safepoint (normal execution)

VM Mutex/Monitor currently owned by a thread: None

Heap
 PSYoungGen      total 3584K, used 61K [0x00000007ac100000, 0x00000007ac500000, 0x0000000800000000)
  eden space 3072K, 2% used [0x00000007ac100000,0x00000007ac10f630,0x00000007ac400000)
  from space 512K, 0% used [0x00000007ac480000,0x00000007ac480000,0x00000007ac500000)
  to   space 512K, 0% used [0x00000007ac400000,0x00000007ac400000,0x00000007ac480000)
 ParOldGen       total 5632K, used 0K [0x0000000704400000, 0x0000000704980000, 0x00000007ac100000)
  object space 5632K, 0% used [0x0000000704400000,0x0000000704400000,0x0000000704980000)
 PSPermGen       total 21504K, used 799K [0x00000006ff200000, 0x0000000700700000, 0x0000000704400000)
  object space 21504K, 3% used [0x00000006ff200000,0x00000006ff2c7db0,0x0000000700700000)

Card table byte_map: [0x00007f4f2e12c000,0x00007f4f2e934000] byte_map_base: 0x00007f4f2a933000

Polling page: 0x00007f4f310f7000

Code Cache  [0x00007f4f25000000, 0x00007f4f25270000, 0x00007f4f28000000)
 total_blobs=60 nmethods=0 adapters=38 free_code_cache=48825Kb largest_free_block=49997376

Compilation events (0 events):
No events

GC Heap History (0 events):
No events

Deoptimization events (0 events):
No events

Internal exceptions (0 events):
No events

Events (10 events):
Event: 0.043 loading class 0x00007f4f2cef6790 done
Event: 0.043 Thread 0x00007f4f28069800 Thread added: 0x00007f4f28069800
Event: 0.043 loading class 0x00007f4f2cef67d0
Event: 0.043 loading class 0x00007f4f2cef67d0 done
Event: 0.043 loading class 0x00007f4f2cf0c4d0
Event: 0.043 loading class 0x00007f4f2cf0c4d0 done
Event: 0.043 loading class 0x00007f4f2cf0c4a0
Event: 0.043 loading class 0x00007f4f2cf0c4a0 done
Event: 0.043 loading class 0x00007f4f2cef6d60
Event: 0.043 loading class 0x00007f4f2cef6d60 done


Dynamic libraries:
00400000-00401000 r-xp 00000000 08:01 6422572                            /usr/lib/jvm/java-7-oracle/bin/javac
00600000-00601000 rw-p 00000000 08:01 6422572                            /usr/lib/jvm/java-7-oracle/bin/javac
007aa000-007cb000 rw-p 00000000 00:00 0                                  [heap]
6ff200000-700700000 rw-p 00000000 00:00 0 
700700000-704400000 rw-p 00000000 00:00 0 
704400000-704980000 rw-p 00000000 00:00 0 
704980000-7ac100000 rw-p 00000000 00:00 0 
7ac100000-7ac500000 rw-p 00000000 00:00 0 
7ac500000-800000000 rw-p 00000000 00:00 0 
7f4ef0000000-7f4ef0021000 rw-p 00000000 00:00 0 
7f4ef0021000-7f4ef4000000 ---p 00000000 00:00 0 
7f4ef8000000-7f4ef8021000 rw-p 00000000 00:00 0 
7f4ef8021000-7f4efc000000 ---p 00000000 00:00 0 
7f4effe8f000-7f4effe92000 ---p 00000000 00:00 0 
7f4effe92000-7f4f08000000 rw-p 00000000 00:00 0 
7f4f08000000-7f4f08021000 rw-p 00000000 00:00 0 
7f4f08021000-7f4f0c000000 ---p 00000000 00:00 0 
7f4f10000000-7f4f10021000 rw-p 00000000 00:00 0 
7f4f10021000-7f4f14000000 ---p 00000000 00:00 0 
7f4f18000000-7f4f18021000 rw-p 00000000 00:00 0 
7f4f18021000-7f4f1c000000 ---p 00000000 00:00 0 
7f4f20000000-7f4f20021000 rw-p 00000000 00:00 0 
7f4f20021000-7f4f24000000 ---p 00000000 00:00 0 
7f4f249fa000-7f4f24afb000 rw-p 00000000 00:00 0 
7f4f24afb000-7f4f24afc000 ---p 00000000 00:00 0 
7f4f24afc000-7f4f25000000 rw-p 00000000 00:00 0 
7f4f25000000-7f4f25270000 rwxp 00000000 00:00 0 
7f4f25270000-7f4f28070000 rw-p 00000000 00:00 0 
7f4f28070000-7f4f2c000000 ---p 00000000 00:00 0 
7f4f2c0b8000-7f4f2ccb3000 rw-p 00000000 00:00 0 
7f4f2ccb3000-7f4f2ce6f000 r--s 039b2000 08:01 6428602                    /usr/lib/jvm/java-7-oracle/jre/lib/rt.jar
7f4f2ce6f000-7f4f2d7c0000 rw-p 00000000 00:00 0 
7f4f2d7c0000-7f4f2d7c1000 ---p 00000000 00:00 0 
7f4f2d7c1000-7f4f2d8c1000 rw-p 00000000 00:00 0 
7f4f2d8c1000-7f4f2d8c2000 ---p 00000000 00:00 0 
7f4f2d8c2000-7f4f2d9c2000 rw-p 00000000 00:00 0 
7f4f2d9c2000-7f4f2d9c3000 ---p 00000000 00:00 0 
7f4f2d9c3000-7f4f2dac3000 rw-p 00000000 00:00 0 
7f4f2dac3000-7f4f2dac4000 ---p 00000000 00:00 0 
7f4f2dac4000-7f4f2dbcf000 rw-p 00000000 00:00 0 
7f4f2dbcf000-7f4f2dbed000 rw-p 00000000 00:00 0 
7f4f2dbed000-7f4f2dbf0000 rw-p 00000000 00:00 0 
7f4f2dbf0000-7f4f2e12c000 rw-p 00000000 00:00 0 
7f4f2e12c000-7f4f2e137000 rw-p 00000000 00:00 0 
7f4f2e137000-7f4f2e155000 rw-p 00000000 00:00 0 
7f4f2e155000-7f4f2e158000 rw-p 00000000 00:00 0 
7f4f2e158000-7f4f2e693000 rw-p 00000000 00:00 0 
7f4f2e693000-7f4f2e696000 rw-p 00000000 00:00 0 
7f4f2e696000-7f4f2e933000 rw-p 00000000 00:00 0 
7f4f2e933000-7f4f2e934000 rw-p 00000000 00:00 0 
7f4f2e934000-7f4f2e94e000 r-xp 00000000 08:01 6422706                    /usr/lib/jvm/java-7-oracle/jre/lib/amd64/libzip.so
7f4f2e94e000-7f4f2eb4e000 ---p 0001a000 08:01 6422706                    /usr/lib/jvm/java-7-oracle/jre/lib/amd64/libzip.so
7f4f2eb4e000-7f4f2eb4f000 rw-p 0001a000 08:01 6422706                    /usr/lib/jvm/java-7-oracle/jre/lib/amd64/libzip.so
7f4f2eb4f000-7f4f2ed3e000 r--s 00000000 08:01 9965807                    /var/cache/nscd/passwd
7f4f2ed3e000-7f4f2ed67000 r-xp 00000000 08:01 6422729                    /usr/lib/jvm/java-7-oracle/jre/lib/amd64/libjava.so
7f4f2ed67000-7f4f2ef67000 ---p 00029000 08:01 6422729                    /usr/lib/jvm/java-7-oracle/jre/lib/amd64/libjava.so
7f4f2ef67000-7f4f2ef69000 rw-p 00029000 08:01 6422729                    /usr/lib/jvm/java-7-oracle/jre/lib/amd64/libjava.so
7f4f2ef69000-7f4f2ef76000 r-xp 00000000 08:01 6422734                    /usr/lib/jvm/java-7-oracle/jre/lib/amd64/libverify.so
7f4f2ef76000-7f4f2f175000 ---p 0000d000 08:01 6422734                    /usr/lib/jvm/java-7-oracle/jre/lib/amd64/libverify.so
7f4f2f175000-7f4f2f177000 rw-p 0000c000 08:01 6422734                    /usr/lib/jvm/java-7-oracle/jre/lib/amd64/libverify.so
7f4f2f177000-7f4f2f17e000 r-xp 00000000 08:01 11796735                   /lib/x86_64-linux-gnu/librt-2.15.so
7f4f2f17e000-7f4f2f37d000 ---p 00007000 08:01 11796735                   /lib/x86_64-linux-gnu/librt-2.15.so
7f4f2f37d000-7f4f2f37e000 r--p 00006000 08:01 11796735                   /lib/x86_64-linux-gnu/librt-2.15.so
7f4f2f37e000-7f4f2f37f000 rw-p 00007000 08:01 11796735                   /lib/x86_64-linux-gnu/librt-2.15.so
7f4f2f37f000-7f4f2f47a000 r-xp 00000000 08:01 11796738                   /lib/x86_64-linux-gnu/libm-2.15.so
7f4f2f47a000-7f4f2f679000 ---p 000fb000 08:01 11796738                   /lib/x86_64-linux-gnu/libm-2.15.so
7f4f2f679000-7f4f2f67a000 r--p 000fa000 08:01 11796738                   /lib/x86_64-linux-gnu/libm-2.15.so
7f4f2f67a000-7f4f2f67b000 rw-p 000fb000 08:01 11796738                   /lib/x86_64-linux-gnu/libm-2.15.so
7f4f2f67b000-7f4f301dd000 r-xp 00000000 08:01 6422699                    /usr/lib/jvm/java-7-oracle/jre/lib/amd64/server/libjvm.so
7f4f301dd000-7f4f303dd000 ---p 00b62000 08:01 6422699                    /usr/lib/jvm/java-7-oracle/jre/lib/amd64/server/libjvm.so
7f4f303dd000-7f4f304a0000 rw-p 00b62000 08:01 6422699                    /usr/lib/jvm/java-7-oracle/jre/lib/amd64/server/libjvm.so
7f4f304a0000-7f4f304e1000 rw-p 00000000 00:00 0 
7f4f304e1000-7f4f30696000 r-xp 00000000 08:01 11796785                   /lib/x86_64-linux-gnu/libc-2.15.so
7f4f30696000-7f4f30895000 ---p 001b5000 08:01 11796785                   /lib/x86_64-linux-gnu/libc-2.15.so
7f4f30895000-7f4f30899000 r--p 001b4000 08:01 11796785                   /lib/x86_64-linux-gnu/libc-2.15.so
7f4f30899000-7f4f3089b000 rw-p 001b8000 08:01 11796785                   /lib/x86_64-linux-gnu/libc-2.15.so
7f4f3089b000-7f4f308a0000 rw-p 00000000 00:00 0 
7f4f308a0000-7f4f308a2000 r-xp 00000000 08:01 11796744                   /lib/x86_64-linux-gnu/libdl-2.15.so
7f4f308a2000-7f4f30aa2000 ---p 00002000 08:01 11796744                   /lib/x86_64-linux-gnu/libdl-2.15.so
7f4f30aa2000-7f4f30aa3000 r--p 00002000 08:01 11796744                   /lib/x86_64-linux-gnu/libdl-2.15.so
7f4f30aa3000-7f4f30aa4000 rw-p 00003000 08:01 11796744                   /lib/x86_64-linux-gnu/libdl-2.15.so
7f4f30aa4000-7f4f30aba000 r-xp 00000000 08:01 6429444                    /usr/lib/jvm/java-7-oracle/lib/amd64/jli/libjli.so
7f4f30aba000-7f4f30cba000 ---p 00016000 08:01 6429444                    /usr/lib/jvm/java-7-oracle/lib/amd64/jli/libjli.so
7f4f30cba000-7f4f30cbb000 rw-p 00016000 08:01 6429444                    /usr/lib/jvm/java-7-oracle/lib/amd64/jli/libjli.so
7f4f30cbb000-7f4f30cd3000 r-xp 00000000 08:01 11796941                   /lib/x86_64-linux-gnu/libpthread-2.15.so
7f4f30cd3000-7f4f30ed2000 ---p 00018000 08:01 11796941                   /lib/x86_64-linux-gnu/libpthread-2.15.so
7f4f30ed2000-7f4f30ed3000 r--p 00017000 08:01 11796941                   /lib/x86_64-linux-gnu/libpthread-2.15.so
7f4f30ed3000-7f4f30ed4000 rw-p 00018000 08:01 11796941                   /lib/x86_64-linux-gnu/libpthread-2.15.so
7f4f30ed4000-7f4f30ed8000 rw-p 00000000 00:00 0 
7f4f30ed8000-7f4f30efa000 r-xp 00000000 08:01 11796747                   /lib/x86_64-linux-gnu/ld-2.15.so
7f4f30f18000-7f4f30f22000 rw-p 00000000 00:00 0 
7f4f30f22000-7f4f30fd8000 rw-p 00000000 00:00 0 
7f4f30fd8000-7f4f30fdb000 ---p 00000000 00:00 0 
7f4f30fdb000-7f4f310dd000 rw-p 00000000 00:00 0 
7f4f310ee000-7f4f310f6000 rw-s 00000000 08:01 7995871                    /tmp/hsperfdata_sa5/11164
7f4f310f6000-7f4f310f7000 rw-p 00000000 00:00 0 
7f4f310f7000-7f4f310f8000 r--p 00000000 00:00 0 
7f4f310f8000-7f4f310fa000 rw-p 00000000 00:00 0 
7f4f310fa000-7f4f310fb000 r--p 00022000 08:01 11796747                   /lib/x86_64-linux-gnu/ld-2.15.so
7f4f310fb000-7f4f310fd000 rw-p 00023000 08:01 11796747                   /lib/x86_64-linux-gnu/ld-2.15.so
7fff36c08000-7fff36c29000 rw-p 00000000 00:00 0                          [stack]
7fff36d26000-7fff36d27000 r-xp 00000000 00:00 0                          [vdso]
ffffffffff600000-ffffffffff601000 r-xp 00000000 00:00 0                  [vsyscall]

VM Arguments:
jvm_args: -Denv.class.path=.:/usr/local/java:/usr/local/java/classes -Dapplication.home=/usr/lib/jvm/java-7-oracle -Xms8m 
java_command: com.sun.tools.javac.Main
Launcher Type: SUN_STANDARD

Environment Variables:
CLASSPATH=.:/usr/local/java:/usr/local/java/classes
PATH=/usr/local/libexec/oracle11g-client/bin:/usr/local/libexec/oracle11g-client/bin32:/cise/homes/sa5/bin:/usr/local/bin:/bin:/usr/bin:/usr/X11R6/bin:/usr/ccs/bin:/usr/ucb
LD_LIBRARY_PATH=/usr/local/libexec/oracle11g-client/lib:/usr/local/libexec/oracle11g-client/lib32
SHELL=/usr/local/bin/tcsh
HOSTTYPE=x86_64-linux
OSTYPE=linux
MACHTYPE=x86_64

Signal Handlers:
SIGSEGV: [libjvm.so+0x9935b0], sa_mask[0]=0x7ffbfeff, sa_flags=0x10000004
SIGBUS: [libjvm.so+0x9935b0], sa_mask[0]=0x7ffbfeff, sa_flags=0x10000004
SIGFPE: [libjvm.so+0x810330], sa_mask[0]=0x7ffbfeff, sa_flags=0x10000004
SIGPIPE: [libjvm.so+0x810330], sa_mask[0]=0x7ffbfeff, sa_flags=0x10000004
SIGXFSZ: [libjvm.so+0x810330], sa_mask[0]=0x7ffbfeff, sa_flags=0x10000004
SIGILL: [libjvm.so+0x810330], sa_mask[0]=0x7ffbfeff, sa_flags=0x10000004
SIGUSR1: SIG_DFL, sa_mask[0]=0x00000000, sa_flags=0x00000000
SIGUSR2: [libjvm.so+0x811820], sa_mask[0]=0x00000000, sa_flags=0x10000004
SIGHUP: SIG_DFL, sa_mask[0]=0x00000000, sa_flags=0x00000000
SIGINT: SIG_DFL, sa_mask[0]=0x00000000, sa_flags=0x00000000
SIGTERM: SIG_DFL, sa_mask[0]=0x00000000, sa_flags=0x00000000
SIGQUIT: SIG_DFL, sa_mask[0]=0x00000000, sa_flags=0x00000000


---------------  S Y S T E M  ---------------

OS:wheezy/sid

uname:Linux 3.2.0-51-generic #77-Ubuntu SMP Wed Jul 24 20:18:19 UTC 2013 x86_64
libc:glibc 2.15 NPTL 2.15 
rlimit: STACK 8192k, CORE 0k, NPROC 20, NOFILE 4096, AS infinity
load average:14.60 13.93 13.92

/proc/meminfo:
MemTotal:       16495048 kB
MemFree:          317584 kB
Buffers:           60332 kB
Cached:         10445724 kB
SwapCached:        23448 kB
Active:          7783592 kB
Inactive:        5645412 kB
Active(anon):    2504836 kB
Inactive(anon):   420324 kB
Active(file):    5278756 kB
Inactive(file):  5225088 kB
Unevictable:           0 kB
Mlocked:               0 kB
SwapTotal:      16769020 kB
SwapFree:       16277260 kB
Dirty:              7332 kB
Writeback:             0 kB
AnonPages:       2915280 kB
Mapped:           195968 kB
Shmem:              2212 kB
Slab:            2408532 kB
SReclaimable:     949848 kB
SUnreclaim:      1458684 kB
KernelStack:        7680 kB
PageTables:       108580 kB
NFS_Unstable:          0 kB
Bounce:                0 kB
WritebackTmp:          0 kB
CommitLimit:    25016544 kB
Committed_AS:    8199836 kB
VmallocTotal:   34359738367 kB
VmallocUsed:      122136 kB
VmallocChunk:   34351095796 kB
HardwareCorrupted:     0 kB
AnonHugePages:         0 kB
HugePages_Total:       0
HugePages_Free:        0
HugePages_Rsvd:        0
HugePages_Surp:        0
Hugepagesize:       2048 kB
DirectMap4k:      111360 kB
DirectMap2M:    16726016 kB


CPU:total 4 (2 cores per cpu, 1 threads per core) family 15 model 65 stepping 3, cmov, cx8, fxsr, mmx, sse, sse2, sse3, mmxext, 3dnowpref, tsc

/proc/cpuinfo:
processor	: 0
vendor_id	: AuthenticAMD
cpu family	: 15
model		: 65
model name	: Dual-Core AMD Opteron(tm) Processor 2212
stepping	: 3
cpu MHz		: 1994.972
cache size	: 1024 KB
physical id	: 0
siblings	: 2
core id		: 0
cpu cores	: 2
apicid		: 0
initial apicid	: 0
fpu		: yes
fpu_exception	: yes
cpuid level	: 1
wp		: yes
flags		: fpu vme de pse tsc msr pae mce cx8 apic sep mtrr pge mca cmov pat pse36 clflush mmx fxsr sse sse2 ht syscall nx mmxext fxsr_opt rdtscp lm 3dnowext 3dnow rep_good nopl extd_apicid pni cx16 lahf_lm cmp_legacy svm extapic cr8_legacy
bogomips	: 3989.94
TLB size	: 1024 4K pages
clflush size	: 64
cache_alignment	: 64
address sizes	: 40 bits physical, 48 bits virtual
power management: ts fid vid ttp tm stc

processor	: 1
vendor_id	: AuthenticAMD
cpu family	: 15
model		: 65
model name	: Dual-Core AMD Opteron(tm) Processor 2212
stepping	: 3
cpu MHz		: 1994.972
cache size	: 1024 KB
physical id	: 1
siblings	: 2
core id		: 0
cpu cores	: 2
apicid		: 2
initial apicid	: 2
fpu		: yes
fpu_exception	: yes
cpuid level	: 1
wp		: yes
flags		: fpu vme de pse tsc msr pae mce cx8 apic sep mtrr pge mca cmov pat pse36 clflush mmx fxsr sse sse2 ht syscall nx mmxext fxsr_opt rdtscp lm 3dnowext 3dnow rep_good nopl extd_apicid pni cx16 lahf_lm cmp_legacy svm extapic cr8_legacy
bogomips	: 3990.00
TLB size	: 1024 4K pages
clflush size	: 64
cache_alignment	: 64
address sizes	: 40 bits physical, 48 bits virtual
power management: ts fid vid ttp tm stc

processor	: 2
vendor_id	: AuthenticAMD
cpu family	: 15
model		: 65
model name	: Dual-Core AMD Opteron(tm) Processor 2212
stepping	: 3
cpu MHz		: 1994.972
cache size	: 1024 KB
physical id	: 0
siblings	: 2
core id		: 1
cpu cores	: 2
apicid		: 1
initial apicid	: 1
fpu		: yes
fpu_exception	: yes
cpuid level	: 1
wp		: yes
flags		: fpu vme de pse tsc msr pae mce cx8 apic sep mtrr pge mca cmov pat pse36 clflush mmx fxsr sse sse2 ht syscall nx mmxext fxsr_opt rdtscp lm 3dnowext 3dnow rep_good nopl extd_apicid pni cx16 lahf_lm cmp_legacy svm extapic cr8_legacy
bogomips	: 3990.02
TLB size	: 1024 4K pages
clflush size	: 64
cache_alignment	: 64
address sizes	: 40 bits physical, 48 bits virtual
power management: ts fid vid ttp tm stc

processor	: 3
vendor_id	: AuthenticAMD
cpu family	: 15
model		: 65
model name	: Dual-Core AMD Opteron(tm) Processor 2212
stepping	: 3
cpu MHz		: 1994.972
cache size	: 1024 KB
physical id	: 1
siblings	: 2
core id		: 1
cpu cores	: 2
apicid		: 3
initial apicid	: 3
fpu		: yes
fpu_exception	: yes
cpuid level	: 1
wp		: yes
flags		: fpu vme de pse tsc msr pae mce cx8 apic sep mtrr pge mca cmov pat pse36 clflush mmx fxsr sse sse2 ht syscall nx mmxext fxsr_opt rdtscp lm 3dnowext 3dnow rep_good nopl extd_apicid pni cx16 lahf_lm cmp_legacy svm extapic cr8_legacy
bogomips	: 3990.00
TLB size	: 1024 4K pages
clflush size	: 64
cache_alignment	: 64
address sizes	: 40 bits physical, 48 bits virtual
power management: ts fid vid ttp tm stc



Memory: 4k page, physical 16495048k(317584k free), swap 16769020k(16277260k free)

vm_info: Java HotSpot(TM) 64-Bit Server VM (24.45-b08) for linux-amd64 JRE (1.7.0_45-b18), built on Oct  8 2013 05:44:25 by "java_re" with gcc 4.3.0 20080428 (Red Hat 4.3.0-8)

time: Tue Nov 19 18:36:59 2013
elapsed time: 0 seconds

